#-----------------------------------------------------------
# Vivado v2025.2 (64-bit)
# SW Build 6299465 on Fri Nov 14 12:34:56 MST 2025
# IP Build 6300035 on Fri Nov 14 10:48:45 MST 2025
# SharedData Build 6298862 on Thu Nov 13 04:50:51 MST 2025
# Start of session at: Thu Mar 19 16:56:54 2026
# Process ID         : 11620
# Current directory  : /home/brendan/synthesis_workspace/Integer_dividers/synthesis_logs
# Command line       : vivado -mode batch -source synth_divider_nonrestoring_signed.tcl -log vivado_divider_nonrestoring_signed.log -journal vivado_divider_nonrestoring_signed.jou
# Log file           : /home/brendan/synthesis_workspace/Integer_dividers/synthesis_logs/vivado_divider_nonrestoring_signed.log
# Journal file       : /home/brendan/synthesis_workspace/Integer_dividers/synthesis_logs/vivado_divider_nonrestoring_signed.jou
# Running On         : bren-ubuntu24-04
# Platform           : Ubuntu
# Operating System   : Ubuntu 24.04.4 LTS
# Processor Detail   : Intel(R) Core(TM) i7-3770 CPU @ 3.40GHz
# CPU Frequency      : 3167.109 MHz
# CPU Physical cores : 4
# CPU Logical cores  : 8
# Host memory        : 16630 MB
# Swap memory        : 4294 MB
# Total Virtual      : 20925 MB
# Available Virtual  : 15256 MB
#-----------------------------------------------------------
source synth_divider_nonrestoring_signed.tcl
# set_param general.maxThreads 4
# create_project -in_memory -part xc7a35tcpg236-1
# read_verilog -sv /home/brendan/synthesis_workspace/Integer_dividers/divider_nonrestoring_signed.sv
# set xdc_file "/home/brendan/synthesis_workspace/Integer_dividers/synthesis_logs/clock_divider_nonrestoring_signed.xdc"
# set fp [open $xdc_file w]
# puts $fp "create_clock -period 10.000 -name CLK \[get_ports CLK\]"
# close $fp
# read_xdc $xdc_file
# synth_design -top divider_nonrestoring_signed -part xc7a35tcpg236-1
Command: synth_design -top divider_nonrestoring_signed -part xc7a35tcpg236-1
Starting synth_design
Attempting to get a license for feature 'Synthesis' and/or device 'xc7a35t'
INFO: [Common 17-349] Got license for feature 'Synthesis' and/or device 'xc7a35t'
INFO: [Device 21-403] Loading part xc7a35tcpg236-1
INFO: [Synth 8-7079] Multithreading enabled for synth_design using a maximum of 4 processes.
INFO: [Synth 8-7078] Launching helper process for spawning children vivado processes
INFO: [Synth 8-7075] Helper process launched with PID 11648
---------------------------------------------------------------------------------
Starting RTL Elaboration : Time (s): cpu = 00:00:06 ; elapsed = 00:00:06 . Memory (MB): peak = 2216.160 ; gain = 483.594 ; free physical = 8309 ; free virtual = 13187
---------------------------------------------------------------------------------
INFO: [Synth 8-6157] synthesizing module 'divider_nonrestoring_signed' [/home/brendan/synthesis_workspace/Integer_dividers/divider_nonrestoring_signed.sv:35]
INFO: [Synth 8-294] found qualifier unique on case statement: implementing as parallel_case [/home/brendan/synthesis_workspace/Integer_dividers/divider_nonrestoring_signed.sv:84]
INFO: [Synth 8-6155] done synthesizing module 'divider_nonrestoring_signed' (0#1) [/home/brendan/synthesis_workspace/Integer_dividers/divider_nonrestoring_signed.sv:35]
---------------------------------------------------------------------------------
Finished RTL Elaboration : Time (s): cpu = 00:00:08 ; elapsed = 00:00:08 . Memory (MB): peak = 2302.129 ; gain = 569.562 ; free physical = 8210 ; free virtual = 13089
---------------------------------------------------------------------------------
---------------------------------------------------------------------------------
Start Handling Custom Attributes
---------------------------------------------------------------------------------
---------------------------------------------------------------------------------
Finished Handling Custom Attributes : Time (s): cpu = 00:00:08 ; elapsed = 00:00:08 . Memory (MB): peak = 2311.035 ; gain = 578.469 ; free physical = 8210 ; free virtual = 13089
---------------------------------------------------------------------------------
---------------------------------------------------------------------------------
Finished RTL Optimization Phase 1 : Time (s): cpu = 00:00:08 ; elapsed = 00:00:08 . Memory (MB): peak = 2311.035 ; gain = 578.469 ; free physical = 8210 ; free virtual = 13089
---------------------------------------------------------------------------------
Netlist sorting complete. Time (s): cpu = 00:00:00.01 ; elapsed = 00:00:00 . Memory (MB): peak = 2311.035 ; gain = 0.000 ; free physical = 8210 ; free virtual = 13089
INFO: [Project 1-570] Preparing netlist for logic optimization

Processing XDC Constraints
Initializing timing engine
Parsing XDC File [/home/brendan/synthesis_workspace/Integer_dividers/synthesis_logs/clock_divider_nonrestoring_signed.xdc]
Finished Parsing XDC File [/home/brendan/synthesis_workspace/Integer_dividers/synthesis_logs/clock_divider_nonrestoring_signed.xdc]
Completed Processing XDC Constraints

Netlist sorting complete. Time (s): cpu = 00:00:00 ; elapsed = 00:00:00 . Memory (MB): peak = 2452.020 ; gain = 0.000 ; free physical = 8223 ; free virtual = 13102
INFO: [Project 1-111] Unisim Transformation Summary:
No Unisim elements were transformed.

Constraint Validation Runtime : Time (s): cpu = 00:00:00.01 ; elapsed = 00:00:00 . Memory (MB): peak = 2452.055 ; gain = 0.000 ; free physical = 8223 ; free virtual = 13102
---------------------------------------------------------------------------------
Finished Constraint Validation : Time (s): cpu = 00:00:17 ; elapsed = 00:00:17 . Memory (MB): peak = 2452.055 ; gain = 719.488 ; free physical = 8318 ; free virtual = 13197
---------------------------------------------------------------------------------
---------------------------------------------------------------------------------
Start Loading Part and Timing Information
---------------------------------------------------------------------------------
Loading part: xc7a35tcpg236-1
---------------------------------------------------------------------------------
Finished Loading Part and Timing Information : Time (s): cpu = 00:00:17 ; elapsed = 00:00:17 . Memory (MB): peak = 2464.230 ; gain = 731.664 ; free physical = 8318 ; free virtual = 13197
---------------------------------------------------------------------------------
---------------------------------------------------------------------------------
Start Applying 'set_property' XDC Constraints
---------------------------------------------------------------------------------
---------------------------------------------------------------------------------
Finished applying 'set_property' XDC Constraints : Time (s): cpu = 00:00:17 ; elapsed = 00:00:17 . Memory (MB): peak = 2464.230 ; gain = 731.664 ; free physical = 8318 ; free virtual = 13197
---------------------------------------------------------------------------------
INFO: [Synth 8-802] inferred FSM for state register 'state_reg' in module 'divider_nonrestoring_signed'
---------------------------------------------------------------------------------------------------
                   State |                     New Encoding |                Previous Encoding 
---------------------------------------------------------------------------------------------------
                  S_IDLE |                              000 | 00000000000000000000000000000000
                 S_ERROR |                              001 | 00000000000000000000000000000100
            S_STORE_QUOT |                              010 | 00000000000000000000000000000011
           S_ADD_DEN_REM |                              011 | 00000000000000000000000000000001
           S_SUB_DEN_REM |                              100 | 00000000000000000000000000000010
                S_OUTPUT |                              101 | 00000000000000000000000000000101
---------------------------------------------------------------------------------------------------
INFO: [Synth 8-3354] encoded FSM with state register 'state_reg' using encoding 'sequential' in module 'divider_nonrestoring_signed'
---------------------------------------------------------------------------------
Finished RTL Optimization Phase 2 : Time (s): cpu = 00:00:17 ; elapsed = 00:00:17 . Memory (MB): peak = 2464.230 ; gain = 731.664 ; free physical = 8310 ; free virtual = 13190
---------------------------------------------------------------------------------
---------------------------------------------------------------------------------
Start RTL Component Statistics 
---------------------------------------------------------------------------------
Detailed RTL Component Info : 
+---Adders : 
	   2 Input   10 Bit       Adders := 1     
	   3 Input   10 Bit       Adders := 1     
	   2 Input    4 Bit       Adders := 1     
+---Registers : 
	               10 Bit    Registers := 6     
	                4 Bit    Registers := 1     
	                1 Bit    Registers := 2     
+---Muxes : 
	   2 Input   10 Bit        Muxes := 1     
	   6 Input   10 Bit        Muxes := 2     
	   6 Input    4 Bit        Muxes := 1     
	   6 Input    3 Bit        Muxes := 1     
	   2 Input    3 Bit        Muxes := 4     
	   2 Input    1 Bit        Muxes := 1     
	   6 Input    1 Bit        Muxes := 11    
---------------------------------------------------------------------------------
Finished RTL Component Statistics 
---------------------------------------------------------------------------------
---------------------------------------------------------------------------------
Start Part Resource Summary
---------------------------------------------------------------------------------
Part Resources:
DSPs: 90 (col length:60)
BRAMs: 100 (col length: RAMB18 60 RAMB36 30)
---------------------------------------------------------------------------------
Finished Part Resource Summary
---------------------------------------------------------------------------------
---------------------------------------------------------------------------------
Start Cross Boundary and Area Optimization
---------------------------------------------------------------------------------
---------------------------------------------------------------------------------
Finished Cross Boundary and Area Optimization : Time (s): cpu = 00:00:19 ; elapsed = 00:00:19 . Memory (MB): peak = 2464.230 ; gain = 731.664 ; free physical = 8294 ; free virtual = 13178
---------------------------------------------------------------------------------
---------------------------------------------------------------------------------
Start Applying XDC Timing Constraints
---------------------------------------------------------------------------------
---------------------------------------------------------------------------------
Finished Applying XDC Timing Constraints : Time (s): cpu = 00:00:25 ; elapsed = 00:00:25 . Memory (MB): peak = 2526.230 ; gain = 793.664 ; free physical = 8240 ; free virtual = 13124
---------------------------------------------------------------------------------
---------------------------------------------------------------------------------
Start Timing Optimization
---------------------------------------------------------------------------------
---------------------------------------------------------------------------------
Finished Timing Optimization : Time (s): cpu = 00:00:25 ; elapsed = 00:00:25 . Memory (MB): peak = 2556.277 ; gain = 823.711 ; free physical = 8207 ; free virtual = 13093
---------------------------------------------------------------------------------
---------------------------------------------------------------------------------
Start Technology Mapping
---------------------------------------------------------------------------------
---------------------------------------------------------------------------------
Finished Technology Mapping : Time (s): cpu = 00:00:25 ; elapsed = 00:00:25 . Memory (MB): peak = 2556.277 ; gain = 823.711 ; free physical = 8207 ; free virtual = 13093
---------------------------------------------------------------------------------
---------------------------------------------------------------------------------
Start IO Insertion
---------------------------------------------------------------------------------
---------------------------------------------------------------------------------
Start Flattening Before IO Insertion
---------------------------------------------------------------------------------
---------------------------------------------------------------------------------
Finished Flattening Before IO Insertion
---------------------------------------------------------------------------------
---------------------------------------------------------------------------------
Start Final Netlist Cleanup
---------------------------------------------------------------------------------
---------------------------------------------------------------------------------
Finished Final Netlist Cleanup
---------------------------------------------------------------------------------
---------------------------------------------------------------------------------
Finished IO Insertion : Time (s): cpu = 00:00:29 ; elapsed = 00:00:30 . Memory (MB): peak = 2724.090 ; gain = 991.523 ; free physical = 8065 ; free virtual = 12949
---------------------------------------------------------------------------------
---------------------------------------------------------------------------------
Start Renaming Generated Instances
---------------------------------------------------------------------------------
---------------------------------------------------------------------------------
Finished Renaming Generated Instances : Time (s): cpu = 00:00:29 ; elapsed = 00:00:30 . Memory (MB): peak = 2724.090 ; gain = 991.523 ; free physical = 8065 ; free virtual = 12949
---------------------------------------------------------------------------------
---------------------------------------------------------------------------------
Start Rebuilding User Hierarchy
---------------------------------------------------------------------------------
---------------------------------------------------------------------------------
Finished Rebuilding User Hierarchy : Time (s): cpu = 00:00:29 ; elapsed = 00:00:30 . Memory (MB): peak = 2724.090 ; gain = 991.523 ; free physical = 8065 ; free virtual = 12949
---------------------------------------------------------------------------------
---------------------------------------------------------------------------------
Start Renaming Generated Ports
---------------------------------------------------------------------------------
---------------------------------------------------------------------------------
Finished Renaming Generated Ports : Time (s): cpu = 00:00:29 ; elapsed = 00:00:30 . Memory (MB): peak = 2724.090 ; gain = 991.523 ; free physical = 8065 ; free virtual = 12949
---------------------------------------------------------------------------------
---------------------------------------------------------------------------------
Start Handling Custom Attributes
---------------------------------------------------------------------------------
---------------------------------------------------------------------------------
Finished Handling Custom Attributes : Time (s): cpu = 00:00:29 ; elapsed = 00:00:30 . Memory (MB): peak = 2724.090 ; gain = 991.523 ; free physical = 8065 ; free virtual = 12949
---------------------------------------------------------------------------------
---------------------------------------------------------------------------------
Start Renaming Generated Nets
---------------------------------------------------------------------------------
---------------------------------------------------------------------------------
Finished Renaming Generated Nets : Time (s): cpu = 00:00:29 ; elapsed = 00:00:30 . Memory (MB): peak = 2724.090 ; gain = 991.523 ; free physical = 8065 ; free virtual = 12949
---------------------------------------------------------------------------------
---------------------------------------------------------------------------------
Start Writing Synthesis Report
---------------------------------------------------------------------------------

Report BlackBoxes: 
+-+--------------+----------+
| |BlackBox name |Instances |
+-+--------------+----------+
+-+--------------+----------+

Report Cell Usage: 
+------+-------+------+
|      |Cell   |Count |
+------+-------+------+
|1     |BUFG   |     1|
|2     |CARRY4 |     6|
|3     |LUT2   |    22|
|4     |LUT3   |    13|
|5     |LUT4   |    10|
|6     |LUT5   |     2|
|7     |LUT6   |    21|
|8     |FDRE   |    68|
|9     |IBUF   |    24|
|10    |OBUF   |    22|
+------+-------+------+
---------------------------------------------------------------------------------
Finished Writing Synthesis Report : Time (s): cpu = 00:00:29 ; elapsed = 00:00:30 . Memory (MB): peak = 2724.090 ; gain = 991.523 ; free physical = 8065 ; free virtual = 12949
---------------------------------------------------------------------------------
Synthesis finished with 0 errors, 0 critical warnings and 0 warnings.
Synthesis Optimization Runtime : Time (s): cpu = 00:00:28 ; elapsed = 00:00:28 . Memory (MB): peak = 2724.090 ; gain = 850.504 ; free physical = 8065 ; free virtual = 12949
Synthesis Optimization Complete : Time (s): cpu = 00:00:30 ; elapsed = 00:00:30 . Memory (MB): peak = 2724.098 ; gain = 991.523 ; free physical = 8065 ; free virtual = 12949
INFO: [Project 1-571] Translating synthesized netlist
Netlist sorting complete. Time (s): cpu = 00:00:00 ; elapsed = 00:00:00 . Memory (MB): peak = 2724.098 ; gain = 0.000 ; free physical = 8065 ; free virtual = 12949
INFO: [Netlist 29-17] Analyzing 6 Unisim elements for replacement
INFO: [Netlist 29-28] Unisim Transformation completed in 0 CPU seconds
INFO: [Project 1-570] Preparing netlist for logic optimization
Parsing XDC File [/home/brendan/synthesis_workspace/Integer_dividers/synthesis_logs/clock_divider_nonrestoring_signed.xdc]
Finished Parsing XDC File [/home/brendan/synthesis_workspace/Integer_dividers/synthesis_logs/clock_divider_nonrestoring_signed.xdc]
INFO: [Opt 31-138] Pushed 0 inverter(s) to 0 load pin(s).
Netlist sorting complete. Time (s): cpu = 00:00:00 ; elapsed = 00:00:00 . Memory (MB): peak = 2760.723 ; gain = 0.000 ; free physical = 8214 ; free virtual = 13099
INFO: [Project 1-111] Unisim Transformation Summary:
No Unisim elements were transformed.

Synth Design complete | Checksum: f8d96a94
INFO: [Common 17-83] Releasing license: Synthesis
19 Infos, 0 Warnings, 0 Critical Warnings and 0 Errors encountered.
synth_design completed successfully
synth_design: Time (s): cpu = 00:00:38 ; elapsed = 00:00:36 . Memory (MB): peak = 2760.758 ; gain = 1149.332 ; free physical = 8220 ; free virtual = 13105
INFO: [Common 17-2834] synth_design peak Physical Memory [PSS] (MB): overall = 2084.599; main = 2084.599; forked = 345.438
INFO: [Common 17-2834] synth_design peak Virtual Memory [VSS] (MB): overall = 3492.250; main = 2760.727; forked = 1028.016
# report_utilization -file /home/brendan/synthesis_workspace/Integer_dividers/synthesis_logs/utilization_divider_nonrestoring_signed.rpt
# report_timing_summary -file /home/brendan/synthesis_workspace/Integer_dividers/synthesis_logs/timing_divider_nonrestoring_signed.rpt
INFO: [Timing 38-35] Done setting XDC timing constraints.
INFO: [Timing 38-91] UpdateTimingParams: Speed grade: -1, Delay Type: min_max.
INFO: [Timing 38-191] Multithreading enabled for timing update using a maximum of 4 CPUs
report_timing_summary: Time (s): cpu = 00:00:06 ; elapsed = 00:00:06 . Memory (MB): peak = 2760.758 ; gain = 0.000 ; free physical = 8212 ; free virtual = 13096
INFO: [Common 17-206] Exiting Vivado at Thu Mar 19 16:57:42 2026...
